"../../../Engine/Content/EditorBlueprintResources/StandardMacros.uasset" 0
"../../../../../../Users/Intronirisme/Desktop/Projets Fini/Printemps Poesie/Adieux_Intronirisme/Content/Blueprint/texteMan.uasset" 1
"../../../../../../Users/Intronirisme/Desktop/Projets Fini/Printemps Poesie/Adieux_Intronirisme/Content/Material/black.uasset" 2
"../../../Engine/Content/EngineFonts/RobotoDistanceField.uasset" 3
"../../../../../../Users/Intronirisme/Desktop/Projets Fini/Printemps Poesie/Adieux_Intronirisme/Content/Material/textUnlitMat.uasset" 4
"../../../Engine/Content/Functions/Engine_MaterialFunctions01/Opacity/CameraDepthFade.uasset" 5
"../../../Engine/Content/EngineMaterials/T_Default_Material_Grid_M.uasset" 6
"../../../Engine/Content/EngineMaterials/T_Default_Material_Grid_N.uasset" 7
"../../../Engine/Content/EngineMaterials/WorldGridMaterial.uasset" 8
"../../../Engine/Content/BasicShapes/Plane.uasset" 9
"../../../../../../Users/Intronirisme/Desktop/Projets Fini/Printemps Poesie/Adieux_Intronirisme/Content/Blueprint/texte.uasset" 10
"../../../../../../Users/Intronirisme/Desktop/Projets Fini/Printemps Poesie/Adieux_Intronirisme/Content/Blueprint/player.uasset" 11
"../../../../../../Users/Intronirisme/Desktop/Projets Fini/Printemps Poesie/Adieux_Intronirisme/Content/Blueprint/FP_GM.uasset" 12
"../../../../../../Users/Intronirisme/Desktop/Projets Fini/Printemps Poesie/Adieux_Intronirisme/Content/Blueprint/lampStation.uasset" 13
"../../../../../../Users/Intronirisme/Desktop/Projets Fini/Printemps Poesie/Adieux_Intronirisme/Content/Texture/diffuse141.uasset" 14
"../../../../../../Users/Intronirisme/Desktop/Projets Fini/Printemps Poesie/Adieux_Intronirisme/Content/Texture/normal141.uasset" 15
"../../../../../../Users/Intronirisme/Desktop/Projets Fini/Printemps Poesie/Adieux_Intronirisme/Content/Texture/specular141.uasset" 16
"../../../../../../Users/Intronirisme/Desktop/Projets Fini/Printemps Poesie/Adieux_Intronirisme/Content/Material/Cuivre.uasset" 17
"../../../../../../Users/Intronirisme/Desktop/Projets Fini/Printemps Poesie/Adieux_Intronirisme/Content/Texture/179_diffuse.uasset" 18
"../../../../../../Users/Intronirisme/Desktop/Projets Fini/Printemps Poesie/Adieux_Intronirisme/Content/Texture/179_normal.uasset" 19
"../../../../../../Users/Intronirisme/Desktop/Projets Fini/Printemps Poesie/Adieux_Intronirisme/Content/Texture/179_specular.uasset" 20
"../../../../../../Users/Intronirisme/Desktop/Projets Fini/Printemps Poesie/Adieux_Intronirisme/Content/Material/179.uasset" 21
"../../../../../../Users/Intronirisme/Desktop/Projets Fini/Printemps Poesie/Adieux_Intronirisme/Content/Texture/190_diffuse.uasset" 22
"../../../../../../Users/Intronirisme/Desktop/Projets Fini/Printemps Poesie/Adieux_Intronirisme/Content/Texture/190_normal.uasset" 23
"../../../../../../Users/Intronirisme/Desktop/Projets Fini/Printemps Poesie/Adieux_Intronirisme/Content/Texture/190_specular.uasset" 24
"../../../../../../Users/Intronirisme/Desktop/Projets Fini/Printemps Poesie/Adieux_Intronirisme/Content/Material/190.uasset" 25
"../../../../../../Users/Intronirisme/Desktop/Projets Fini/Printemps Poesie/Adieux_Intronirisme/Content/Material/190_scaled.uasset" 26
"../../../../../../Users/Intronirisme/Desktop/Projets Fini/Printemps Poesie/Adieux_Intronirisme/Content/Material/color.uasset" 27
"../../../../../../Users/Intronirisme/Desktop/Projets Fini/Printemps Poesie/Adieux_Intronirisme/Content/Mesh/station_sky.uasset" 28
"../../../../../../Users/Intronirisme/Desktop/Projets Fini/Printemps Poesie/Adieux_Intronirisme/Content/Musique/dworak.uasset" 29
"../../../../../../Users/Intronirisme/Desktop/Projets Fini/Printemps Poesie/Adieux_Intronirisme/Content/Particules/T_SmokeSubUV_8X8_02.uasset" 30
"../../../../../../Users/Intronirisme/Desktop/Projets Fini/Printemps Poesie/Adieux_Intronirisme/Content/Particules/T_TilingClouds_01.uasset" 31
"../../Plugins/2D/Paper2D/Content/DefaultSpriteMaterial.uasset" 32
"../../Plugins/2D/Paper2D/Content/TranslucentUnlitSpriteMaterial.uasset" 33
"../../../../../../Users/Intronirisme/Desktop/Projets Fini/Printemps Poesie/Adieux_Intronirisme/Content/Sprite/BBBB.uasset" 34
"../../../../../../Users/Intronirisme/Desktop/Projets Fini/Printemps Poesie/Adieux_Intronirisme/Content/Sprite/BBBB_Sprite.uasset" 35
"../../../../../../Users/Intronirisme/Desktop/Projets Fini/Printemps Poesie/Adieux_Intronirisme/Content/Texture/102_normal.uasset" 36
"../../../../../../Users/Intronirisme/Desktop/Projets Fini/Printemps Poesie/Adieux_Intronirisme/Content/Texture/102_specular.uasset" 37
"../../../../../../Users/Intronirisme/Desktop/Projets Fini/Printemps Poesie/Adieux_Intronirisme/Content/Texture/211_normal.uasset" 38
"../../../Engine/Content/ArtTools/RenderToTexture/Meshes/S_1_Unit_Plane.uasset" 39
"../../../Engine/Content/EngineMaterials/DefaultMaterial.uasset" 40
"../../../Engine/Content/BasicShapes/Cone.uasset" 41
"../../../Engine/Content/EditorLandscapeResources/DataLayer.uasset" 42
"../../../Engine/Content/EditorMaterials/GizmoMaterial.uasset" 43
"../../../Engine/Content/EditorMaterials/MAT_Groups_Toggle.uasset" 44
"../../../Engine/Content/EditorMaterials/MAT_Groups_Visibility.uasset" 45
"../../../Engine/Content/EditorMaterials/PreviewShadowIndicator.uasset" 46
"../../../Engine/Content/EditorMaterials/PreviewShadowIndicatorMaterial.uasset" 47
"../../../Engine/Content/EditorMaterials/MatineeGroups/MAT_ColorTrack.uasset" 48
"../../../Engine/Content/EditorMaterials/MatineeGroups/MAT_Groups_Anim.uasset" 49
"../../../Engine/Content/EditorMaterials/MatineeGroups/MAT_Groups_AudioMaster.uasset" 50
"../../../Engine/Content/EditorMaterials/MatineeGroups/MAT_Groups_Director.uasset" 51
"../../../Engine/Content/EditorMaterials/MatineeGroups/MAT_Groups_Event.uasset" 52
"../../../Engine/Content/EditorMaterials/MatineeGroups/MAT_Groups_Fade.uasset" 53
"../../../Engine/Content/EditorMaterials/MatineeGroups/MAT_Groups_Float.uasset" 54
"../../../Engine/Content/EditorMaterials/MatineeGroups/MAT_Groups_Move.uasset" 55
"../../../Engine/Content/EditorMaterials/MatineeGroups/MAT_Groups_Slomo.uasset" 56
"../../../Engine/Content/EditorMaterials/MatineeGroups/MAT_Groups_Sound.uasset" 57
"../../../Engine/Content/EditorMaterials/MatineeGroups/MAT_Groups_Vector.uasset" 58
"../../../Engine/Content/EditorMaterials/ParticleSystems/PSysThumbnail_NoImage.uasset" 59
"../../../Engine/Content/EditorMaterials/ParticleSystems/PSysThumbnail_OOD.uasset" 60
"../../../Engine/Content/EditorMaterials/Camera/CineMat.uasset" 61
"../../../Engine/Content/EditorMaterials/Camera/MI_CineMat_Rig.uasset" 62
"../../../Engine/Content/EditorMeshes/Camera/SM_CraneRig_Arm.uasset" 63
"../../../Engine/Content/EditorMeshes/Camera/SM_CraneRig_Base.uasset" 64
"../../../Engine/Content/EditorMeshes/Camera/SM_CraneRig_Body.uasset" 65
"../../../Engine/Content/EditorMeshes/Camera/SM_CraneRig_Mount.uasset" 66
"../../../Engine/Content/EditorMeshes/Camera/SM_RailRig_Mount.uasset" 67
"../../../Engine/Content/EditorMeshes/Camera/SM_RailRig_Track.uasset" 68
"../../../Engine/Content/EditorResources/BSPVertex.uasset" 69
"../../../Engine/Content/EditorResources/EmptyActor.uasset" 70
"../../../Engine/Content/EditorResources/S_Actor.uasset" 71
"../../../Engine/Content/EditorResources/S_Trigger.uasset" 72
"../../../Engine/Content/EditorResources/AudioIcons/S_AudioComponent_AutoActivate.uasset" 73
"../../../Engine/Content/EditorResources/LightIcons/S_LightError.uasset" 74
"../../../Engine/Content/EditorResources/SequenceRecorder/Countdown.uasset" 75
"../../../Engine/Content/EditorResources/SequenceRecorder/RecordingIndicator.uasset" 76
"../../../Engine/Content/EditorSounds/Notifications/CompileFailed.uasset" 77
"../../../Engine/Content/EditorSounds/Notifications/CompileFailed_Cue.uasset" 78
"../../../Engine/Content/EditorSounds/Notifications/CompileSuccess.uasset" 79
"../../../Engine/Content/EditorSounds/Notifications/CompileStart_Cue.uasset" 80
"../../../Engine/Content/EditorSounds/Notifications/CompileSuccess_Cue.uasset" 81
"../../../Engine/Content/EngineDamageTypes/DmgTypeBP_Environmental.uasset" 82
"../../../Engine/Content/EngineDebugMaterials/HeatmapGradient.uasset" 83
"../../../Engine/Content/EngineDebugMaterials/BoneWeightMaterial.uasset" 84
"../../../Engine/Content/EngineDebugMaterials/ClothMaterial.uasset" 85
"../../../Engine/Content/EngineDebugMaterials/ClothMaterial_WF.uasset" 86
"../../../Engine/Content/EngineDebugMaterials/DebugEditorMaterial.uasset" 87
"../../../Engine/Content/EngineDebugMaterials/DebugMeshMaterial.uasset" 88
"../../../Engine/Content/EngineDebugMaterials/GeomMaterial.uasset" 89
"../../../Engine/Content/EngineDebugMaterials/M_SimpleTranslucent.uasset" 90
"../../../Engine/Content/EngineFonts/Faces/RobotoBold.uasset" 91
"../../../Engine/Content/EngineFonts/Faces/RobotoBoldItalic.uasset" 92
"../../../Engine/Content/EngineFonts/Faces/RobotoItalic.uasset" 93
"../../../Engine/Content/EngineFonts/Faces/RobotoLight.uasset" 94
"../../../Engine/Content/EngineFonts/Faces/RobotoRegular.uasset" 95
"../../../Engine/Content/EngineFonts/Roboto.uasset" 96
"../../../Engine/Content/EngineFonts/Faces/RobotoTiny.uasset" 97
"../../../Engine/Content/EngineFonts/RobotoTiny.uasset" 98
"../../../Engine/Content/EngineMaterials/BaseFlattenDiffuseMap.uasset" 99
"../../../Engine/Content/EngineMaterials/BaseFlattenEmissiveMap.uasset" 100
"../../../Engine/Content/EngineMaterials/BaseFlattenGrayscaleMap.uasset" 101
"../../../Engine/Content/EngineMaterials/BaseFlattenNormalMap.uasset" 102
"../../../Engine/Content/EngineMaterials/BaseFlattenMaterial.uasset" 103
"../../../Engine/Content/EngineMaterials/DefaultBloomKernel.uasset" 104
"../../../Engine/Content/EngineMaterials/DefaultBokeh.uasset" 105
"../../../Engine/Content/EngineMaterials/DefaultDiffuse.uasset" 106
"../../../Engine/Content/EngineMaterials/DefaultDeferredDecalMaterial.uasset" 107
"../../../Engine/Content/EngineMaterials/DefaultLightFunctionMaterial.uasset" 108
"../../../Engine/Content/EngineMaterials/DefaultPhysicalMaterial.uasset" 109
"../../../Engine/Content/Functions/Engine_MaterialFunctions02/Utility/BreakOutFloat2Components.uasset" 110
"../../../Engine/Content/EngineMaterials/DefaultPostProcessMaterial.uasset" 111
"../../../Engine/Content/EngineMaterials/DefaultTextMaterialOpaque.uasset" 112
"../../../Engine/Content/EngineMaterials/DefaultWhiteGrid.uasset" 113
"../../../Engine/Content/EngineMaterials/EditorBrushMaterial.uasset" 114
"../../../Engine/Content/EngineMaterials/Good64x64TilingNoiseHighFreq.uasset" 115
"../../../Engine/Content/EngineMaterials/MiniFont.uasset" 116
"../../../Engine/Content/EngineMaterials/InvalidLightmapSettings.uasset" 117
"../../../Engine/Content/EngineMaterials/M_InvalidLightmapSettings.uasset" 118
"../../../Engine/Content/Functions/Engine_MaterialFunctions02/WorldPositionOffset/CameraOffset.uasset" 119
"../../../Engine/Content/EngineMaterials/PhAT_JointLimitMaterial.uasset" 120
"../../../Engine/Content/EngineMaterials/PreintegratedSkinBRDF.uasset" 121
"../../../Engine/Content/EngineMaterials/RemoveSurfaceMaterial.uasset" 122
"../../../Engine/Content/EngineMaterials/WeightMapPlaceholderTexture.uasset" 123
"../../../Engine/Content/EngineResources/WhiteSquareTexture.uasset" 124
"../../../Engine/Content/EngineMaterials/Widget3DPassThrough.uasset" 125
"../../../Engine/Content/EngineMaterials/Widget3DPassThrough_Masked.uasset" 126
"../../../Engine/Content/EngineMaterials/Widget3DPassThrough_Opaque.uasset" 127
"../../../Engine/Content/EngineMaterials/Widget3DPassThrough_Masked_OneSided.uasset" 128
"../../../Engine/Content/EngineMaterials/Widget3DPassThrough_Opaque_OneSided.uasset" 129
"../../../Engine/Content/EngineMaterials/Widget3DPassThrough_Translucent.uasset" 130
"../../../Engine/Content/EngineMaterials/Widget3DPassThrough_Translucent_OneSided.uasset" 131
"../../../Engine/Content/EngineMeshes/Cylinder.uasset" 132
"../../../Engine/Content/EngineMeshes/Sphere.uasset" 133
"../../../Engine/Content/EngineResources/Black.uasset" 134
"../../../Engine/Content/EngineResources/DefaultTexture.uasset" 135
"../../../Engine/Content/EngineResources/DefaultTextureCube.uasset" 136
"../../../Engine/Content/EngineResources/DefaultVolumeTexture2D.uasset" 137
"../../../Engine/Content/EngineResources/DefaultVolumeTexture.uasset" 138
"../../../Engine/Content/EngineResources/GradientTexture0.uasset" 139
"../../../Engine/Content/EngineSounds/Master.uasset" 140
"../../../Engine/Content/Functions/Engine_MaterialFunctions01/Shading/ConvertFromDiffSpec.uasset" 141
"../../../Engine/Content/Functions/Engine_MaterialFunctions01/Shading/PowerToRoughness.uasset" 142
"../../../Engine/Content/Maps/Templates/Thumbnails/Default.uasset" 143
"../../../Engine/Content/Maps/Templates/Thumbnails/VR-Basic.uasset" 144
"../../../Engine/Content/MobileResources/T_MobileControls_texture.uasset" 145
"../../../Engine/Content/MobileResources/T_MobileMenu2.uasset" 146
"../../../Engine/Content/MobileResources/HUD/AnalogHat.uasset" 147
"../../../Engine/Content/MobileResources/HUD/VirtualJoystick_Background.uasset" 148
"../../../Engine/Content/MobileResources/HUD/VirtualJoystick_Thumb.uasset" 149
"../../../Engine/Content/MobileResources/HUD/DefaultVirtualJoysticks.uasset" 150
"../../../Engine/Content/MobileResources/HUD/LeftVirtualJoystickOnly.uasset" 151
"../../../Engine/Content/MobileResources/HUD/MobileHUDButton1_off.uasset" 152
"../../../Engine/Content/MobileResources/HUD/MobileHUDButton1_on.uasset" 153
"../../../Engine/Content/MobileResources/HUD/MobileHUDButton2_off.uasset" 154
"../../../Engine/Content/MobileResources/HUD/MobileHUDButton2_on.uasset" 155
"../../../Engine/Content/MobileResources/HUD/MobileHUDButton3.uasset" 156
"../../../Engine/Content/MobileResources/HUD/MobileHUDButtonFire.uasset" 157
"../../../Engine/Content/MobileResources/HUD/MobileHUDDirectionPad.uasset" 158
"../../../Engine/Content/MobileResources/HUD/MobileHUDDirectionPad2.uasset" 159
"../../../Engine/Content/MobileResources/HUD/MobileHUDDirectionPad3.uasset" 160
"../../../Engine/Content/MobileResources/HUD/MobileHUDDirectionStick.uasset" 161
"../../../Engine/Content/MobileResources/HUD/T_Castle_ThumbstickInner.uasset" 162
"../../../Engine/Content/MobileResources/HUD/T_Castle_ThumbstickOutter.uasset" 163
"../../../Engine/Content/Tutorial/ContentIntroCurve.uasset" 164
"../../../Engine/Content/Tutorial/Mobile/TutorialAssets/IOS.uasset" 165
"../../../Engine/Content/VREditor/LaserPointer/VR_LaserPower_01.uasset" 166
"../../../Engine/Content/VREditor/TransformGizmo/TransformGizmoMaterial.uasset" 167
"../../../Engine/Content/VREditor/TransformGizmo/TranslucentTransformGizmoMaterial.uasset" 168
"../../../Engine/Content/VREditor/TransformGizmo/BoundingBoxCorner.uasset" 169
"../../../Engine/Content/VREditor/TransformGizmo/BoundingBoxEdge.uasset" 170
"../../../Engine/Content/VREditor/TransformGizmo/PlaneTranslationHandle.uasset" 171
"../../../Engine/Content/VREditor/TransformGizmo/Main.uasset" 172
"../../../Engine/Content/VREditor/TransformGizmo/Xray.uasset" 173
"../../../Engine/Content/VREditor/TransformGizmo/SM_Sequencer_Key.uasset" 174
"../../../Engine/Content/VREditor/TransformGizmo/SM_Sequencer_Node.uasset" 175
"../../Plugins/2D/Paper2D/Content/PlaceholderTextures/DummySpriteTexture.uasset" 176
"../../Plugins/2D/Paper2D/Content/DummySprite.uasset" 177
"../../Plugins/2D/Paper2D/Content/DefaultPaperTerrainMaterial.uasset" 178
"../../Plugins/2D/Paper2D/Content/MaskedUnlitSpriteMaterial.uasset" 179
"../../Plugins/2D/Paper2D/Content/OpaqueUnlitSpriteMaterial.uasset" 180
"../../Plugins/Runtime/Oculus/OculusVR/Content/Materials/PokeAHoleMaterial.uasset" 181
"../../Plugins/Runtime/Oculus/OculusVR/Content/Textures/GearVRController_AO.uasset" 182
"../../Plugins/Runtime/Oculus/OculusVR/Content/Textures/GearVRController_Color.uasset" 183
"../../Plugins/Runtime/Oculus/OculusVR/Content/Textures/GearVRController_Normal.uasset" 184
"../../Plugins/Runtime/Oculus/OculusVR/Content/Materials/GearVRControllerMaterial.uasset" 185
"../../Plugins/Runtime/Oculus/OculusVR/Content/Meshes/GearVrController.uasset" 186
"../../Plugins/Runtime/Oculus/OculusVR/Content/Textures/touchController_albedo.uasset" 187
"../../Plugins/Runtime/Oculus/OculusVR/Content/Textures/touchController_controlmap.uasset" 188
"../../Plugins/Runtime/Oculus/OculusVR/Content/Materials/touchController_mat.uasset" 189
"../../Plugins/Runtime/Oculus/OculusVR/Content/Meshes/LeftTouchController.uasset" 190
"../../Plugins/Runtime/Oculus/OculusVR/Content/Meshes/RiftHMD.uasset" 191
"../../Plugins/Runtime/Oculus/OculusVR/Content/Meshes/RightTouchController.uasset" 192
"../../../../../../Users/Intronirisme/Desktop/Projets Fini/Printemps Poesie/Adieux_Intronirisme/Content/Blueprint/music.uasset" 193
"../../../Engine/Content/EngineSky/C_Sky_Cloud_Color.uasset" 194
"../../../Engine/Content/EngineSky/C_Sky_Horizon_Color.uasset" 195
"../../../Engine/Content/EngineSky/C_Sky_Zenith_Color.uasset" 196
"../../../Engine/Content/EngineSky/T_Sky_Blue.uasset" 197
"../../../Engine/Content/EngineSky/T_Sky_Clouds_M.uasset" 198
"../../../Engine/Content/EngineSky/T_Sky_Stars.uasset" 199
"../../../Engine/Content/EngineSky/M_Sky_Panning_Clouds2.uasset" 200
"../../../Engine/Content/EngineSky/SM_SkySphere.uasset" 201
"../../../Engine/Content/EngineSky/BP_Sky_Sphere.uasset" 202
"../../../../../../Users/Intronirisme/Desktop/Projets Fini/Printemps Poesie/Adieux_Intronirisme/Content/Sprite/boyF.uasset" 203
"../../../../../../Users/Intronirisme/Desktop/Projets Fini/Printemps Poesie/Adieux_Intronirisme/Content/Sprite/boyF_Sprite.uasset" 204
"../../../../../../Users/Intronirisme/Desktop/Projets Fini/Printemps Poesie/Adieux_Intronirisme/Content/Sprite/boyS.uasset" 205
"../../../../../../Users/Intronirisme/Desktop/Projets Fini/Printemps Poesie/Adieux_Intronirisme/Content/Sprite/boyS_Sprite.uasset" 206
"../../../../../../Users/Intronirisme/Desktop/Projets Fini/Printemps Poesie/Adieux_Intronirisme/Content/Sprite/girlF.uasset" 207
"../../../../../../Users/Intronirisme/Desktop/Projets Fini/Printemps Poesie/Adieux_Intronirisme/Content/Sprite/girlF_Sprite.uasset" 208
"../../../../../../Users/Intronirisme/Desktop/Projets Fini/Printemps Poesie/Adieux_Intronirisme/Content/Sprite/girlS.uasset" 209
"../../../../../../Users/Intronirisme/Desktop/Projets Fini/Printemps Poesie/Adieux_Intronirisme/Content/Sprite/girlS_Sprite.uasset" 210
"../../../../../../Users/Intronirisme/Desktop/Projets Fini/Printemps Poesie/Adieux_Intronirisme/Content/Blueprint/child.uasset" 211
"../../../../../../Users/Intronirisme/Desktop/Projets Fini/Printemps Poesie/Adieux_Intronirisme/Content/Blueprint/childGen.uasset" 212
"../../../../../../Users/Intronirisme/Desktop/Projets Fini/Printemps Poesie/Adieux_Intronirisme/Content/Texture/221.uasset" 213
"../../../../../../Users/Intronirisme/Desktop/Projets Fini/Printemps Poesie/Adieux_Intronirisme/Content/Texture/221_norm.uasset" 214
"../../../../../../Users/Intronirisme/Desktop/Projets Fini/Printemps Poesie/Adieux_Intronirisme/Content/Material/basic.uasset" 215
"../../../../../../Users/Intronirisme/Desktop/Projets Fini/Printemps Poesie/Adieux_Intronirisme/Content/Texture/218.uasset" 216
"../../../../../../Users/Intronirisme/Desktop/Projets Fini/Printemps Poesie/Adieux_Intronirisme/Content/Texture/218_norm.uasset" 217
"../../../../../../Users/Intronirisme/Desktop/Projets Fini/Printemps Poesie/Adieux_Intronirisme/Content/Material/simpleMetal.uasset" 218
"../../../../../../Users/Intronirisme/Desktop/Projets Fini/Printemps Poesie/Adieux_Intronirisme/Content/Material/simpleMetal2.uasset" 219
"../../../../../../Users/Intronirisme/Desktop/Projets Fini/Printemps Poesie/Adieux_Intronirisme/Content/Mesh/Melancholia_gear32.uasset" 220
"../../../../../../Users/Intronirisme/Desktop/Projets Fini/Printemps Poesie/Adieux_Intronirisme/Content/Blueprint/gear.uasset" 221
"../../../../../../Users/Intronirisme/Desktop/Projets Fini/Printemps Poesie/Adieux_Intronirisme/Content/Texture/212_diffuse.uasset" 222
"../../../../../../Users/Intronirisme/Desktop/Projets Fini/Printemps Poesie/Adieux_Intronirisme/Content/Texture/212_normal.uasset" 223
"../../../../../../Users/Intronirisme/Desktop/Projets Fini/Printemps Poesie/Adieux_Intronirisme/Content/Texture/212_specular.uasset" 224
"../../../../../../Users/Intronirisme/Desktop/Projets Fini/Printemps Poesie/Adieux_Intronirisme/Content/Material/212.uasset" 225
"../../../../../../Users/Intronirisme/Desktop/Projets Fini/Printemps Poesie/Adieux_Intronirisme/Content/Mesh/Melancholia_poutrelle.uasset" 226
"../../../../../../Users/Intronirisme/Desktop/Projets Fini/Printemps Poesie/Adieux_Intronirisme/Content/Texture/182_diffuse.uasset" 227
"../../../../../../Users/Intronirisme/Desktop/Projets Fini/Printemps Poesie/Adieux_Intronirisme/Content/Texture/182_normal.uasset" 228
"../../../../../../Users/Intronirisme/Desktop/Projets Fini/Printemps Poesie/Adieux_Intronirisme/Content/Texture/182_specular.uasset" 229
"../../../../../../Users/Intronirisme/Desktop/Projets Fini/Printemps Poesie/Adieux_Intronirisme/Content/Material/182.uasset" 230
"../../../../../../Users/Intronirisme/Desktop/Projets Fini/Printemps Poesie/Adieux_Intronirisme/Content/Mesh/Metro_voie.uasset" 231
"../../../../../../Users/Intronirisme/Desktop/Projets Fini/Printemps Poesie/Adieux_Intronirisme/Content/Blueprint/railway.uasset" 232
"../../../../../../Users/Intronirisme/Desktop/Projets Fini/Printemps Poesie/Adieux_Intronirisme/Content/Blueprint/texte_basic.uasset" 233
"../../../../../../Users/Intronirisme/Desktop/Projets Fini/Printemps Poesie/Adieux_Intronirisme/Content/Texture/stars.uasset" 234
"../../../../../../Users/Intronirisme/Desktop/Projets Fini/Printemps Poesie/Adieux_Intronirisme/Content/Material/Etoiles_Mat_2.uasset" 235
"../../../../../../Users/Intronirisme/Desktop/Projets Fini/Printemps Poesie/Adieux_Intronirisme/Content/Mesh/sampleStuff_Plane.uasset" 236
"../../../../../../Users/Intronirisme/Desktop/Projets Fini/Printemps Poesie/Adieux_Intronirisme/Content/Blueprint/vanish.uasset" 237
"../../../Engine/Content/BasicShapes/BasicShapeMaterial.uasset" 238
"../../../Engine/Content/EditorMeshes/ColorCalibrator/M_ClearCoatBlack.uasset" 239
"../../../Engine/Content/MapTemplates/Materials/BasicAsset01.uasset" 240
"../../../../../../Users/Intronirisme/Desktop/Projets Fini/Printemps Poesie/Adieux_Intronirisme/Content/Material/transp.uasset" 241
"../../../../../../Users/Intronirisme/Desktop/Projets Fini/Printemps Poesie/Adieux_Intronirisme/Content/Mesh/Metro_door.uasset" 242
"../../../Engine/Content/TemplateResources/M_Template_Master.uasset" 243
"../../../Engine/Content/TemplateResources/MI_Template_BaseGray.uasset" 244
"../../../../../../Users/Intronirisme/Desktop/Projets Fini/Printemps Poesie/Adieux_Intronirisme/Content/Mesh/Metro_wagon.uasset" 245
"../../../../../../Users/Intronirisme/Desktop/Projets Fini/Printemps Poesie/Adieux_Intronirisme/Content/Blueprint/wagon.uasset" 246
"../../../../../../Users/Intronirisme/Desktop/Projets Fini/Printemps Poesie/Adieux_Intronirisme/Content/main_BuiltData.uasset" 247
"../../../../../../Users/Intronirisme/Desktop/Projets Fini/Printemps Poesie/Adieux_Intronirisme/Content/Texture/Corse.uasset" 248
"../../../../../../Users/Intronirisme/Desktop/Projets Fini/Printemps Poesie/Adieux_Intronirisme/Content/Material/Corse.uasset" 249
"../../../../../../Users/Intronirisme/Desktop/Projets Fini/Printemps Poesie/Adieux_Intronirisme/Content/Material/Etoiles_Mat.uasset" 250
"../../../../../../Users/Intronirisme/Desktop/Projets Fini/Printemps Poesie/Adieux_Intronirisme/Content/Texture/metal_door_diffuse.uasset" 251
"../../../../../../Users/Intronirisme/Desktop/Projets Fini/Printemps Poesie/Adieux_Intronirisme/Content/Texture/metal_door_normal.uasset" 252
"../../../../../../Users/Intronirisme/Desktop/Projets Fini/Printemps Poesie/Adieux_Intronirisme/Content/Texture/metal_door_roughness.uasset" 253
"../../../../../../Users/Intronirisme/Desktop/Projets Fini/Printemps Poesie/Adieux_Intronirisme/Content/Material/metalDoor.uasset" 254
"../../../../../../Users/Intronirisme/Desktop/Projets Fini/Printemps Poesie/Adieux_Intronirisme/Content/Texture/neanTex.uasset" 255
"../../../../../../Users/Intronirisme/Desktop/Projets Fini/Printemps Poesie/Adieux_Intronirisme/Content/Material/nean.uasset" 256
"../../../../../../Users/Intronirisme/Desktop/Projets Fini/Printemps Poesie/Adieux_Intronirisme/Content/Material/redEmissive.uasset" 257
"../../../../../../Users/Intronirisme/Desktop/Projets Fini/Printemps Poesie/Adieux_Intronirisme/Content/Texture/storm.uasset" 258
"../../../../../../Users/Intronirisme/Desktop/Projets Fini/Printemps Poesie/Adieux_Intronirisme/Content/Material/stormMat.uasset" 259
"../../../../../../Users/Intronirisme/Desktop/Projets Fini/Printemps Poesie/Adieux_Intronirisme/Content/Sprite/BBBB_Mat.uasset" 260
"../../../../../../Users/Intronirisme/Desktop/Projets Fini/Printemps Poesie/Adieux_Intronirisme/Content/Texture/102_diffuse.uasset" 261
"../../../../../../Users/Intronirisme/Desktop/Projets Fini/Printemps Poesie/Adieux_Intronirisme/Content/Material/102.uasset" 262
"../../../../../../Users/Intronirisme/Desktop/Projets Fini/Printemps Poesie/Adieux_Intronirisme/Content/Texture/211_diffuse.uasset" 263
"../../../../../../Users/Intronirisme/Desktop/Projets Fini/Printemps Poesie/Adieux_Intronirisme/Content/Texture/211_norm.uasset" 264
"../../../../../../Users/Intronirisme/Desktop/Projets Fini/Printemps Poesie/Adieux_Intronirisme/Content/Texture/211_specular.uasset" 265
"../../../../../../Users/Intronirisme/Desktop/Projets Fini/Printemps Poesie/Adieux_Intronirisme/Content/Material/211.uasset" 266
"../../../../../../Users/Intronirisme/Desktop/Projets Fini/Printemps Poesie/Adieux_Intronirisme/Content/Texture/244_diffuse.uasset" 267
"../../../../../../Users/Intronirisme/Desktop/Projets Fini/Printemps Poesie/Adieux_Intronirisme/Content/Texture/244_normal.uasset" 268
"../../../../../../Users/Intronirisme/Desktop/Projets Fini/Printemps Poesie/Adieux_Intronirisme/Content/Texture/244_specular.uasset" 269
"../../../../../../Users/Intronirisme/Desktop/Projets Fini/Printemps Poesie/Adieux_Intronirisme/Content/Material/244.uasset" 270
"../../../../../../Users/Intronirisme/Desktop/Projets Fini/Printemps Poesie/Adieux_Intronirisme/Content/Texture/250_diffuse.uasset" 271
"../../../../../../Users/Intronirisme/Desktop/Projets Fini/Printemps Poesie/Adieux_Intronirisme/Content/Texture/250_normal.uasset" 272
"../../../../../../Users/Intronirisme/Desktop/Projets Fini/Printemps Poesie/Adieux_Intronirisme/Content/Texture/250_specular.uasset" 273
"../../../../../../Users/Intronirisme/Desktop/Projets Fini/Printemps Poesie/Adieux_Intronirisme/Content/Material/250.uasset" 274
"../../../../../../Users/Intronirisme/Desktop/Projets Fini/Printemps Poesie/Adieux_Intronirisme/Content/Texture/67_diffuse.uasset" 275
"../../../../../../Users/Intronirisme/Desktop/Projets Fini/Printemps Poesie/Adieux_Intronirisme/Content/Texture/67_normal.uasset" 276
"../../../../../../Users/Intronirisme/Desktop/Projets Fini/Printemps Poesie/Adieux_Intronirisme/Content/Texture/67_specular.uasset" 277
"../../../../../../Users/Intronirisme/Desktop/Projets Fini/Printemps Poesie/Adieux_Intronirisme/Content/Material/67.uasset" 278
"../../../../../../Users/Intronirisme/Desktop/Projets Fini/Printemps Poesie/Adieux_Intronirisme/Content/Texture/204.uasset" 279
"../../../../../../Users/Intronirisme/Desktop/Projets Fini/Printemps Poesie/Adieux_Intronirisme/Content/Texture/204_norm.uasset" 280
"../../../../../../Users/Intronirisme/Desktop/Projets Fini/Printemps Poesie/Adieux_Intronirisme/Content/Material/conveyor.uasset" 281
"../../../../../../Users/Intronirisme/Desktop/Projets Fini/Printemps Poesie/Adieux_Intronirisme/Content/Material/conveyor_2.uasset" 282
"../../../../../../Users/Intronirisme/Desktop/Projets Fini/Printemps Poesie/Adieux_Intronirisme/Content/Material/corseHidden.uasset" 283
"../../../../../../Users/Intronirisme/Desktop/Projets Fini/Printemps Poesie/Adieux_Intronirisme/Content/Texture/211.uasset" 284
"../../../../../../Users/Intronirisme/Desktop/Projets Fini/Printemps Poesie/Adieux_Intronirisme/Content/Material/metalJaune.uasset" 285
"../../../../../../Users/Intronirisme/Desktop/Projets Fini/Printemps Poesie/Adieux_Intronirisme/Content/Texture/243.uasset" 286
"../../../../../../Users/Intronirisme/Desktop/Projets Fini/Printemps Poesie/Adieux_Intronirisme/Content/Texture/243_norm.uasset" 287
"../../../../../../Users/Intronirisme/Desktop/Projets Fini/Printemps Poesie/Adieux_Intronirisme/Content/Material/paves.uasset" 288
"../../../../../../Users/Intronirisme/Desktop/Projets Fini/Printemps Poesie/Adieux_Intronirisme/Content/Material/textUnlitMat_Inst.uasset" 289
"../../../../../../Users/Intronirisme/Desktop/Projets Fini/Printemps Poesie/Adieux_Intronirisme/Content/Texture/wall_stone03_c.uasset" 290
"../../../../../../Users/Intronirisme/Desktop/Projets Fini/Printemps Poesie/Adieux_Intronirisme/Content/Material/trottoir.uasset" 291
"../../../../../../Users/Intronirisme/Desktop/Projets Fini/Printemps Poesie/Adieux_Intronirisme/Content/Material/trottoir_scaled.uasset" 292
"../../../../../../Users/Intronirisme/Desktop/Projets Fini/Printemps Poesie/Adieux_Intronirisme/Content/Texture/mtl_wall01_c.uasset" 293
"../../../../../../Users/Intronirisme/Desktop/Projets Fini/Printemps Poesie/Adieux_Intronirisme/Content/Texture/mtl_wall01_n.uasset" 294
"../../../../../../Users/Intronirisme/Desktop/Projets Fini/Printemps Poesie/Adieux_Intronirisme/Content/Texture/mtl_wall01_s.uasset" 295
"../../../../../../Users/Intronirisme/Desktop/Projets Fini/Printemps Poesie/Adieux_Intronirisme/Content/Material/wallMetal.uasset" 296
"../../../../../../Users/Intronirisme/Desktop/Projets Fini/Printemps Poesie/Adieux_Intronirisme/Content/Material/whiteEmissive.uasset" 297
"../../../../../../Users/Intronirisme/Desktop/Projets Fini/Printemps Poesie/Adieux_Intronirisme/Content/Material/whitePlatre.uasset" 298
"../../../Engine/Content/BasicShapes/Cube.uasset" 299
"../../../Engine/Content/BasicShapes/Cylinder.uasset" 300
"../../../Engine/Content/BasicShapes/Sphere.uasset" 301
"../../../../../../Users/Intronirisme/Desktop/Projets Fini/Printemps Poesie/Adieux_Intronirisme/Content/Blueprint/fade.uasset" 302
"../../../../../../Users/Intronirisme/Desktop/Projets Fini/Printemps Poesie/Adieux_Intronirisme/Content/Blueprint/fade_debut.uasset" 303
"../../../../../../Users/Intronirisme/Desktop/Projets Fini/Printemps Poesie/Adieux_Intronirisme/Content/Blueprint/fade_noir.uasset" 304
"../../../../../../Users/Intronirisme/Desktop/Projets Fini/Printemps Poesie/Adieux_Intronirisme/Content/Sprite/pointeur.uasset" 305
"../../../../../../Users/Intronirisme/Desktop/Projets Fini/Printemps Poesie/Adieux_Intronirisme/Content/Blueprint/viseur.uasset" 306
"../../../../../../Users/Intronirisme/Desktop/Projets Fini/Printemps Poesie/Adieux_Intronirisme/Content/Mesh/cube.uasset" 307
"../../../../../../Users/Intronirisme/Desktop/Projets Fini/Printemps Poesie/Adieux_Intronirisme/Content/Mesh/disqueTrou.uasset" 308
"../../../../../../Users/Intronirisme/Desktop/Projets Fini/Printemps Poesie/Adieux_Intronirisme/Content/Mesh/Melancholia_barriere.uasset" 309
"../../../../../../Users/Intronirisme/Desktop/Projets Fini/Printemps Poesie/Adieux_Intronirisme/Content/Mesh/Melancholia_entrance.uasset" 310
"../../../../../../Users/Intronirisme/Desktop/Projets Fini/Printemps Poesie/Adieux_Intronirisme/Content/Mesh/Melancholia_finTapis.uasset" 311
"../../../../../../Users/Intronirisme/Desktop/Projets Fini/Printemps Poesie/Adieux_Intronirisme/Content/Mesh/Melancholia_gear16.uasset" 312
"../../../../../../Users/Intronirisme/Desktop/Projets Fini/Printemps Poesie/Adieux_Intronirisme/Content/Mesh/Melancholia_machina.uasset" 313
"../../../../../../Users/Intronirisme/Desktop/Projets Fini/Printemps Poesie/Adieux_Intronirisme/Content/Texture/passerelle.uasset" 314
"../../../../../../Users/Intronirisme/Desktop/Projets Fini/Printemps Poesie/Adieux_Intronirisme/Content/Material/passerelleMat.uasset" 315
"../../../../../../Users/Intronirisme/Desktop/Projets Fini/Printemps Poesie/Adieux_Intronirisme/Content/Mesh/Melancholia_passerelle.uasset" 316
"../../../../../../Users/Intronirisme/Desktop/Projets Fini/Printemps Poesie/Adieux_Intronirisme/Content/Mesh/Melancholia_piston.uasset" 317
"../../../../../../Users/Intronirisme/Desktop/Projets Fini/Printemps Poesie/Adieux_Intronirisme/Content/Mesh/Melancholia_poulie.uasset" 318
"../../../../../../Users/Intronirisme/Desktop/Projets Fini/Printemps Poesie/Adieux_Intronirisme/Content/Mesh/Melancholia_tapisRoulant.uasset" 319
"../../../../../../Users/Intronirisme/Desktop/Projets Fini/Printemps Poesie/Adieux_Intronirisme/Content/Mesh/Neant.uasset" 320
"../../../../../../Users/Intronirisme/Desktop/Projets Fini/Printemps Poesie/Adieux_Intronirisme/Content/Mesh/sampleStuff_entonoir.uasset" 321
"../../../../../../Users/Intronirisme/Desktop/Projets Fini/Printemps Poesie/Adieux_Intronirisme/Content/Mesh/socket.uasset" 322
"../../../../../../Users/Intronirisme/Desktop/Projets Fini/Printemps Poesie/Adieux_Intronirisme/Content/Mesh/station_border.uasset" 323
"../../../../../../Users/Intronirisme/Desktop/Projets Fini/Printemps Poesie/Adieux_Intronirisme/Content/Mesh/station_endBorder.uasset" 324
"../../../../../../Users/Intronirisme/Desktop/Projets Fini/Printemps Poesie/Adieux_Intronirisme/Content/Mesh/station_endWall.uasset" 325
"../../../../../../Users/Intronirisme/Desktop/Projets Fini/Printemps Poesie/Adieux_Intronirisme/Content/Mesh/station_endWallnoStair.uasset" 326
"../../../../../../Users/Intronirisme/Desktop/Projets Fini/Printemps Poesie/Adieux_Intronirisme/Content/Mesh/station_Plane.uasset" 327
"../../../../../../Users/Intronirisme/Desktop/Projets Fini/Printemps Poesie/Adieux_Intronirisme/Content/Mesh/station_stairs.uasset" 328
"../../../../../../Users/Intronirisme/Desktop/Projets Fini/Printemps Poesie/Adieux_Intronirisme/Content/Mesh/station_toSurface.uasset" 329
"../../../../../../Users/Intronirisme/Desktop/Projets Fini/Printemps Poesie/Adieux_Intronirisme/Content/Mesh/station_tunnel.uasset" 330
"../../../../../../Users/Intronirisme/Desktop/Projets Fini/Printemps Poesie/Adieux_Intronirisme/Content/Mesh/station_virage.uasset" 331
"../../../../../../Users/Intronirisme/Desktop/Projets Fini/Printemps Poesie/Adieux_Intronirisme/Content/Musique/Aquarium.uasset" 332
"../../../../../../Users/Intronirisme/Desktop/Projets Fini/Printemps Poesie/Adieux_Intronirisme/Content/Musique/DanseMacabre.uasset" 333
"../../../../../../Users/Intronirisme/Desktop/Projets Fini/Printemps Poesie/Adieux_Intronirisme/Content/Musique/Elise.uasset" 334
"../../../../../../Users/Intronirisme/Desktop/Projets Fini/Printemps Poesie/Adieux_Intronirisme/Content/Musique/epic.uasset" 335
"../../../../../../Users/Intronirisme/Desktop/Projets Fini/Printemps Poesie/Adieux_Intronirisme/Content/Musique/joie.uasset" 336
"../../../../../../Users/Intronirisme/Desktop/Projets Fini/Printemps Poesie/Adieux_Intronirisme/Content/Musique/Reverie.uasset" 337
"../../../../../../Users/Intronirisme/Desktop/Projets Fini/Printemps Poesie/Adieux_Intronirisme/Content/Particules/T_FireSubUV_11X11_32.uasset" 338
"../../../../../../Users/Intronirisme/Desktop/Projets Fini/Printemps Poesie/Adieux_Intronirisme/Content/Particules/T_TilingNoise16.uasset" 339
"../../../../../../Users/Intronirisme/Desktop/Projets Fini/Printemps Poesie/Adieux_Intronirisme/Content/Particules/M_Fire_SubUV_11X11_Noise.uasset" 340
"../../../../../../Users/Intronirisme/Desktop/Projets Fini/Printemps Poesie/Adieux_Intronirisme/Content/Particules/T_FlareRound_Noise.uasset" 341
"../../../../../../Users/Intronirisme/Desktop/Projets Fini/Printemps Poesie/Adieux_Intronirisme/Content/Particules/M_FlareRound.uasset" 342
"../../../Engine/Content/Functions/Engine_MaterialFunctions01/Gradient/RadialGradient.uasset" 343
"../../../../../../Users/Intronirisme/Desktop/Projets Fini/Printemps Poesie/Adieux_Intronirisme/Content/Particules/T_HeatTile3_N.uasset" 344
"../../../../../../Users/Intronirisme/Desktop/Projets Fini/Printemps Poesie/Adieux_Intronirisme/Content/Particules/T_TilingNoise03.uasset" 345
"../../../../../../Users/Intronirisme/Desktop/Projets Fini/Printemps Poesie/Adieux_Intronirisme/Content/Particules/M_HeatDistort.uasset" 346
"../../../../../../Users/Intronirisme/Desktop/Projets Fini/Printemps Poesie/Adieux_Intronirisme/Content/Particules/T_Snow01_Packed.uasset" 347
"../../../../../../Users/Intronirisme/Desktop/Projets Fini/Printemps Poesie/Adieux_Intronirisme/Content/Particules/T_TilingNoise12.uasset" 348
"../../../../../../Users/Intronirisme/Desktop/Projets Fini/Printemps Poesie/Adieux_Intronirisme/Content/Particules/M_Spark_VelocityLerp.uasset" 349
"../../../../../../Users/Intronirisme/Desktop/Projets Fini/Printemps Poesie/Adieux_Intronirisme/Content/Particules/P_LargeFire.uasset" 350
"../../../../../../Users/Intronirisme/Desktop/Projets Fini/Printemps Poesie/Adieux_Intronirisme/Content/main.umap" 351
"../../../../../../Users/Intronirisme/Desktop/Projets Fini/Printemps Poesie/Adieux_Intronirisme/Content/menu_BuiltData.uasset" 352
"../../../../../../Users/Intronirisme/Desktop/Projets Fini/Printemps Poesie/Adieux_Intronirisme/Content/Sprite/A_xbox.uasset" 353
"../../../../../../Users/Intronirisme/Desktop/Projets Fini/Printemps Poesie/Adieux_Intronirisme/Content/Blueprint/A.uasset" 354
"../../../../../../Users/Intronirisme/Desktop/Projets Fini/Printemps Poesie/Adieux_Intronirisme/Content/menu.umap" 355
"../../../Engine/Content/Maps/Entry_BuiltData.uasset" 356
"../../../Engine/Content/Maps/Entry.umap" 357
